<?xml version="1.0" encoding="UTF-8"?>
<testng-results skipped="0" failed="1" total="4" passed="3">
  <reporter-output>
  </reporter-output>
  <suite name="Default suite" duration-ms="16182" started-at="2019-02-28T15:47:29Z" finished-at="2019-02-28T15:47:46Z">
    <groups>
    </groups>
    <test name="Default test" duration-ms="16182" started-at="2019-02-28T15:47:29Z" finished-at="2019-02-28T15:47:46Z">
      <class name="WebElements.CheckingElements">
        <test-method status="PASS" signature="beforeClass()[pri:0, instance:WebElements.CheckingElements@6574b225]" name="beforeClass" is-config="true" duration-ms="2599" started-at="2019-02-28T22:47:29Z" finished-at="2019-02-28T22:47:32Z">
          <reporter-output>
          </reporter-output>
        </test-method> <!-- beforeClass -->
        <test-method status="FAIL" signature="TC_01_Exercise()[pri:0, instance:WebElements.CheckingElements@6574b225]" name="TC_01_Exercise" duration-ms="1836" started-at="2019-02-28T22:47:32Z" finished-at="2019-02-28T22:47:34Z">
          <exception class="java.lang.AssertionError">
            <message>
              <![CDATA[expected [] but found [Textbox is disabled]]]>
            </message>
            <full-stacktrace>
              <![CDATA[java.lang.AssertionError: expected [] but found [Textbox is disabled]
	at org.testng.Assert.fail(Assert.java:94)
	at org.testng.Assert.failNotEquals(Assert.java:496)
	at org.testng.Assert.assertEquals(Assert.java:125)
	at org.testng.Assert.assertEquals(Assert.java:178)
	at org.testng.Assert.assertEquals(Assert.java:188)
	at WebElements.CheckingElements.TC_01_Exercise(CheckingElements.java:37)
	at sun.reflect.NativeMethodAccessorImpl.invoke0(Native Method)
	at sun.reflect.NativeMethodAccessorImpl.invoke(Unknown Source)
	at sun.reflect.DelegatingMethodAccessorImpl.invoke(Unknown Source)
	at java.lang.reflect.Method.invoke(Unknown Source)
	at org.testng.internal.MethodInvocationHelper.invokeMethod(MethodInvocationHelper.java:85)
	at org.testng.internal.Invoker.invokeMethod(Invoker.java:639)
	at org.testng.internal.Invoker.invokeTestMethod(Invoker.java:816)
	at org.testng.internal.Invoker.invokeTestMethods(Invoker.java:1124)
	at org.testng.internal.TestMethodWorker.invokeTestMethods(TestMethodWorker.java:125)
	at org.testng.internal.TestMethodWorker.run(TestMethodWorker.java:108)
	at org.testng.TestRunner.privateRun(TestRunner.java:774)
	at org.testng.TestRunner.run(TestRunner.java:624)
	at org.testng.SuiteRunner.runTest(SuiteRunner.java:359)
	at org.testng.SuiteRunner.runSequentially(SuiteRunner.java:354)
	at org.testng.SuiteRunner.privateRun(SuiteRunner.java:312)
	at org.testng.SuiteRunner.run(SuiteRunner.java:261)
	at org.testng.SuiteRunnerWorker.runSuite(SuiteRunnerWorker.java:52)
	at org.testng.SuiteRunnerWorker.run(SuiteRunnerWorker.java:86)
	at org.testng.TestNG.runSuitesSequentially(TestNG.java:1215)
	at org.testng.TestNG.runSuitesLocally(TestNG.java:1140)
	at org.testng.TestNG.run(TestNG.java:1048)
	at org.testng.remote.AbstractRemoteTestNG.run(AbstractRemoteTestNG.java:114)
	at org.testng.remote.RemoteTestNG.initAndRun(RemoteTestNG.java:251)
	at org.testng.remote.RemoteTestNG.main(RemoteTestNG.java:77)
]]>
            </full-stacktrace>
          </exception> <!-- java.lang.AssertionError -->
          <reporter-output>
          </reporter-output>
        </test-method> <!-- TC_01_Exercise -->
        <test-method status="PASS" signature="TC_02_Exercise()[pri:0, instance:WebElements.CheckingElements@6574b225]" name="TC_02_Exercise" duration-ms="7410" started-at="2019-02-28T22:47:34Z" finished-at="2019-02-28T22:47:41Z">
          <reporter-output>
          </reporter-output>
        </test-method> <!-- TC_02_Exercise -->
        <test-method status="PASS" signature="TC_03_Excercise()[pri:0, instance:WebElements.CheckingElements@6574b225]" name="TC_03_Excercise" duration-ms="4319" started-at="2019-02-28T22:47:41Z" finished-at="2019-02-28T22:47:46Z">
          <reporter-output>
          </reporter-output>
        </test-method> <!-- TC_03_Excercise -->
        <test-method status="PASS" signature="afterClass()[pri:0, instance:WebElements.CheckingElements@6574b225]" name="afterClass" duration-ms="1" started-at="2019-02-28T22:47:46Z" finished-at="2019-02-28T22:47:46Z">
          <reporter-output>
          </reporter-output>
        </test-method> <!-- afterClass -->
        <test-method status="PASS" signature="afterClass()[pri:0, instance:WebElements.CheckingElements@6574b225]" name="afterClass" is-config="true" duration-ms="1" started-at="2019-02-28T22:47:46Z" finished-at="2019-02-28T22:47:46Z">
          <reporter-output>
          </reporter-output>
        </test-method> <!-- afterClass -->
      </class> <!-- WebElements.CheckingElements -->
    </test> <!-- Default test -->
  </suite> <!-- Default suite -->
</testng-results>
